\BOOKMARK [0][-]{chapter.1}{はじめに}{}% 1
\BOOKMARK [0][-]{chapter.2}{前提知識・先行研究}{}% 2
\BOOKMARK [1][-]{section.2.1}{コレオグラフィとエンドポイント射影}{chapter.2}% 3
\BOOKMARK [1][-]{section.2.2}{Choral}{chapter.2}% 4
\BOOKMARK [1][-]{section.2.3}{Mypy}{chapter.2}% 5
\BOOKMARK [0][-]{chapter.3}{PyChoralによるプログラミング}{}% 6
\BOOKMARK [1][-]{section.3.1}{PyChoralの概要}{chapter.3}% 7
\BOOKMARK [1][-]{section.3.2}{PyChoralの構文と射影定義}{chapter.3}% 8
\BOOKMARK [2][-]{subsection.3.2.1}{syntax}{section.3.2}% 9
\BOOKMARK [2][-]{subsection.3.2.2}{Projection}{section.3.2}% 10
\BOOKMARK [1][-]{section.3.3}{Mypyを活用したエンドポイント射影の実装}{chapter.3}% 11
\BOOKMARK [2][-]{subsection.3.3.1}{Mypyの改造}{section.3.3}% 12
\BOOKMARK [2][-]{subsection.3.3.2}{射影後のデータ構造}{section.3.3}% 13
\BOOKMARK [2][-]{subsection.3.3.3}{projection\137all}{section.3.3}% 14
\BOOKMARK [2][-]{subsection.3.3.4}{projection\137exp}{section.3.3}% 15
\BOOKMARK [2][-]{subsection.3.3.5}{projection\137stm, projection\137block}{section.3.3}% 16
\BOOKMARK [2][-]{subsection.3.3.6}{projection\137class}{section.3.3}% 17
\BOOKMARK [2][-]{subsection.3.3.7}{projection\137func}{section.3.3}% 18
\BOOKMARK [2][-]{subsection.3.3.8}{projection\137md}{section.3.3}% 19
\BOOKMARK [2][-]{subsection.3.3.9}{help\137function}{section.3.3}% 20
\BOOKMARK [0][-]{chapter.4}{PyChoralを用いたアプリケーション}{}% 21
\BOOKMARK [0][-]{chapter.5}{まとめ，今後の課題}{}% 22
\BOOKMARK [0][-]{chapter*.2}{参考文献}{}% 23
\BOOKMARK [0][-]{appendix.A}{Definition of Projection, Merging, Normalizer}{}% 24
\BOOKMARK [1][-]{section.A.1}{Projection to Python}{appendix.A}% 25
\BOOKMARK [1][-]{section.A.2}{Merging}{appendix.A}% 26
\BOOKMARK [1][-]{section.A.3}{normalizer}{appendix.A}% 27
